<?xml version="1.0" encoding="UTF-8"?>
<testng-results skipped="0" failed="0" ignored="0" total="1" passed="1">
  <reporter-output>
  </reporter-output>
  <suite name="Suite" duration-ms="4617" started-at="2018-02-03T04:57:13Z" finished-at="2018-02-03T04:57:17Z">
    <groups>
    </groups>
    <test name="Test" duration-ms="4617" started-at="2018-02-03T04:57:13Z" finished-at="2018-02-03T04:57:17Z">
      <class name="QSP.Demo3">
        <test-method status="PASS" signature="testA()[pri:0, instance:QSP.Demo3@7a0ac6e3]" name="testA" duration-ms="4586" started-at="2018-02-03T10:27:13Z" finished-at="2018-02-03T10:27:17Z">
          <reporter-output>
          </reporter-output>
        </test-method> <!-- testA -->
      </class> <!-- QSP.Demo3 -->
    </test> <!-- Test -->
  </suite> <!-- Suite -->
</testng-results>
