<?xml version="1.0" encoding="UTF-8"?>
<testng-results skipped="0" failed="0" ignored="0" total="1" passed="1">
  <reporter-output>
  </reporter-output>
  <suite name="Suite" duration-ms="4787" started-at="2018-02-03T04:55:41Z" finished-at="2018-02-03T04:55:46Z">
    <groups>
    </groups>
    <test name="Test" duration-ms="4787" started-at="2018-02-03T04:55:41Z" finished-at="2018-02-03T04:55:46Z">
      <class name="QSP.Demo3">
        <test-method status="PASS" signature="testA()[pri:0, instance:QSP.Demo3@100fc185]" name="testA" duration-ms="4753" started-at="2018-02-03T10:25:41Z" finished-at="2018-02-03T10:25:46Z">
          <reporter-output>
          </reporter-output>
        </test-method> <!-- testA -->
      </class> <!-- QSP.Demo3 -->
    </test> <!-- Test -->
  </suite> <!-- Suite -->
</testng-results>
